0 info it worked if it ends with ok
1 verbose cli [ 'node',
1 verbose cli   '/Users/justin/.meteor/packages/meteor-tool/.1.3.0_3.1kequoz++os.osx.x86_64+web.browser+web.cordova/mt-os.osx.x86_64/dev_bundle/bin/npm',
1 verbose cli   'install',
1 verbose cli   '--save',
1 verbose cli   'qr-js' ]
2 info using npm@2.14.22
3 info using node@v0.10.43
4 verbose install initial load of /Users/justin/modweb/omnibus-app/package.json
5 verbose installManyTop reading scoped package data from /Users/justin/modweb/omnibus-app/node_modules/align-text/package.json
6 verbose installManyTop reading scoped package data from /Users/justin/modweb/omnibus-app/node_modules/amdefine/package.json
7 verbose installManyTop reading scoped package data from /Users/justin/modweb/omnibus-app/node_modules/ansi-escapes/package.json
8 verbose installManyTop reading scoped package data from /Users/justin/modweb/omnibus-app/node_modules/ansi-regex/package.json
9 verbose installManyTop reading scoped package data from /Users/justin/modweb/omnibus-app/node_modules/ansi-styles/package.json
10 verbose installManyTop reading scoped package data from /Users/justin/modweb/omnibus-app/node_modules/argparse/package.json
11 verbose installManyTop reading scoped package data from /Users/justin/modweb/omnibus-app/node_modules/array-union/package.json
12 verbose installManyTop reading scoped package data from /Users/justin/modweb/omnibus-app/node_modules/array-uniq/package.json
13 verbose installManyTop reading scoped package data from /Users/justin/modweb/omnibus-app/node_modules/arrify/package.json
14 verbose installManyTop reading scoped package data from /Users/justin/modweb/omnibus-app/node_modules/async/package.json
15 verbose installManyTop reading scoped package data from /Users/justin/modweb/omnibus-app/node_modules/balanced-match/package.json
16 verbose installManyTop reading scoped package data from /Users/justin/modweb/omnibus-app/node_modules/brace-expansion/package.json
17 verbose installManyTop reading scoped package data from /Users/justin/modweb/omnibus-app/node_modules/camelcase/package.json
18 verbose installManyTop reading scoped package data from /Users/justin/modweb/omnibus-app/node_modules/center-align/package.json
19 verbose installManyTop reading scoped package data from /Users/justin/modweb/omnibus-app/node_modules/chalk/package.json
20 verbose installManyTop reading scoped package data from /Users/justin/modweb/omnibus-app/node_modules/cli-cursor/package.json
21 verbose installManyTop reading scoped package data from /Users/justin/modweb/omnibus-app/node_modules/cli-width/package.json
22 verbose installManyTop reading scoped package data from /Users/justin/modweb/omnibus-app/node_modules/cliui/package.json
23 verbose installManyTop reading scoped package data from /Users/justin/modweb/omnibus-app/node_modules/code-point-at/package.json
24 verbose installManyTop reading scoped package data from /Users/justin/modweb/omnibus-app/node_modules/concat-map/package.json
25 verbose installManyTop reading scoped package data from /Users/justin/modweb/omnibus-app/node_modules/concat-stream/package.json
26 verbose installManyTop reading scoped package data from /Users/justin/modweb/omnibus-app/node_modules/core-util-is/package.json
27 verbose installManyTop reading scoped package data from /Users/justin/modweb/omnibus-app/node_modules/d/package.json
28 verbose installManyTop reading scoped package data from /Users/justin/modweb/omnibus-app/node_modules/debug/package.json
29 verbose installManyTop reading scoped package data from /Users/justin/modweb/omnibus-app/node_modules/decamelize/package.json
30 verbose installManyTop reading scoped package data from /Users/justin/modweb/omnibus-app/node_modules/deep-is/package.json
31 verbose installManyTop reading scoped package data from /Users/justin/modweb/omnibus-app/node_modules/del/package.json
32 verbose installManyTop reading scoped package data from /Users/justin/modweb/omnibus-app/node_modules/doctrine/package.json
33 verbose installManyTop reading scoped package data from /Users/justin/modweb/omnibus-app/node_modules/es5-ext/package.json
34 verbose installManyTop reading scoped package data from /Users/justin/modweb/omnibus-app/node_modules/es6-iterator/package.json
35 verbose installManyTop reading scoped package data from /Users/justin/modweb/omnibus-app/node_modules/es6-map/package.json
36 verbose installManyTop reading scoped package data from /Users/justin/modweb/omnibus-app/node_modules/es6-set/package.json
37 verbose installManyTop reading scoped package data from /Users/justin/modweb/omnibus-app/node_modules/es6-symbol/package.json
38 verbose installManyTop reading scoped package data from /Users/justin/modweb/omnibus-app/node_modules/es6-weak-map/package.json
39 verbose installManyTop reading scoped package data from /Users/justin/modweb/omnibus-app/node_modules/escape-string-regexp/package.json
40 verbose installManyTop reading scoped package data from /Users/justin/modweb/omnibus-app/node_modules/escope/package.json
41 verbose installManyTop reading scoped package data from /Users/justin/modweb/omnibus-app/node_modules/eslint/package.json
42 verbose installManyTop reading scoped package data from /Users/justin/modweb/omnibus-app/node_modules/eslint-config-semistandard/package.json
43 verbose installManyTop reading scoped package data from /Users/justin/modweb/omnibus-app/node_modules/eslint-config-standard/package.json
44 verbose installManyTop reading scoped package data from /Users/justin/modweb/omnibus-app/node_modules/eslint-plugin-standard/package.json
45 verbose installManyTop reading scoped package data from /Users/justin/modweb/omnibus-app/node_modules/espree/package.json
46 verbose installManyTop reading scoped package data from /Users/justin/modweb/omnibus-app/node_modules/esrecurse/package.json
47 verbose installManyTop reading scoped package data from /Users/justin/modweb/omnibus-app/node_modules/estraverse/package.json
48 verbose installManyTop reading scoped package data from /Users/justin/modweb/omnibus-app/node_modules/estraverse-fb/package.json
49 verbose installManyTop reading scoped package data from /Users/justin/modweb/omnibus-app/node_modules/esutils/package.json
50 verbose installManyTop reading scoped package data from /Users/justin/modweb/omnibus-app/node_modules/event-emitter/package.json
51 verbose installManyTop reading scoped package data from /Users/justin/modweb/omnibus-app/node_modules/exit-hook/package.json
52 verbose installManyTop reading scoped package data from /Users/justin/modweb/omnibus-app/node_modules/fast-levenshtein/package.json
53 verbose installManyTop reading scoped package data from /Users/justin/modweb/omnibus-app/node_modules/figures/package.json
54 verbose installManyTop reading scoped package data from /Users/justin/modweb/omnibus-app/node_modules/file-entry-cache/package.json
55 verbose installManyTop reading scoped package data from /Users/justin/modweb/omnibus-app/node_modules/flat-cache/package.json
56 verbose installManyTop reading scoped package data from /Users/justin/modweb/omnibus-app/node_modules/generate-function/package.json
57 verbose installManyTop reading scoped package data from /Users/justin/modweb/omnibus-app/node_modules/generate-object-property/package.json
58 verbose installManyTop reading scoped package data from /Users/justin/modweb/omnibus-app/node_modules/glob/package.json
59 verbose installManyTop reading scoped package data from /Users/justin/modweb/omnibus-app/node_modules/globals/package.json
60 verbose installManyTop reading scoped package data from /Users/justin/modweb/omnibus-app/node_modules/globby/package.json
61 verbose installManyTop reading scoped package data from /Users/justin/modweb/omnibus-app/node_modules/graceful-fs/package.json
62 verbose installManyTop reading scoped package data from /Users/justin/modweb/omnibus-app/node_modules/handlebars/package.json
63 verbose installManyTop reading scoped package data from /Users/justin/modweb/omnibus-app/node_modules/has-ansi/package.json
64 verbose installManyTop reading scoped package data from /Users/justin/modweb/omnibus-app/node_modules/inflight/package.json
65 verbose installManyTop reading scoped package data from /Users/justin/modweb/omnibus-app/node_modules/inherits/package.json
66 verbose installManyTop reading scoped package data from /Users/justin/modweb/omnibus-app/node_modules/inquirer/package.json
67 verbose installManyTop reading scoped package data from /Users/justin/modweb/omnibus-app/node_modules/is-buffer/package.json
68 verbose installManyTop reading scoped package data from /Users/justin/modweb/omnibus-app/node_modules/is-fullwidth-code-point/package.json
69 verbose installManyTop reading scoped package data from /Users/justin/modweb/omnibus-app/node_modules/is-my-json-valid/package.json
70 verbose installManyTop reading scoped package data from /Users/justin/modweb/omnibus-app/node_modules/is-path-cwd/package.json
71 verbose installManyTop reading scoped package data from /Users/justin/modweb/omnibus-app/node_modules/is-path-in-cwd/package.json
72 verbose installManyTop reading scoped package data from /Users/justin/modweb/omnibus-app/node_modules/is-path-inside/package.json
73 verbose installManyTop reading scoped package data from /Users/justin/modweb/omnibus-app/node_modules/is-property/package.json
74 verbose installManyTop reading scoped package data from /Users/justin/modweb/omnibus-app/node_modules/is-resolvable/package.json
75 verbose installManyTop reading scoped package data from /Users/justin/modweb/omnibus-app/node_modules/isarray/package.json
76 verbose installManyTop reading scoped package data from /Users/justin/modweb/omnibus-app/node_modules/js-yaml/package.json
77 verbose installManyTop reading scoped package data from /Users/justin/modweb/omnibus-app/node_modules/json-stable-stringify/package.json
78 verbose installManyTop reading scoped package data from /Users/justin/modweb/omnibus-app/node_modules/jsonify/package.json
79 verbose installManyTop reading scoped package data from /Users/justin/modweb/omnibus-app/node_modules/jsonpointer/package.json
80 verbose installManyTop reading scoped package data from /Users/justin/modweb/omnibus-app/node_modules/kind-of/package.json
81 verbose installManyTop reading scoped package data from /Users/justin/modweb/omnibus-app/node_modules/lazy-cache/package.json
82 verbose installManyTop reading scoped package data from /Users/justin/modweb/omnibus-app/node_modules/levn/package.json
83 verbose installManyTop reading scoped package data from /Users/justin/modweb/omnibus-app/node_modules/lodash/package.json
84 verbose installManyTop reading scoped package data from /Users/justin/modweb/omnibus-app/node_modules/lodash._arraycopy/package.json
85 verbose installManyTop reading scoped package data from /Users/justin/modweb/omnibus-app/node_modules/lodash._arrayeach/package.json
86 verbose installManyTop reading scoped package data from /Users/justin/modweb/omnibus-app/node_modules/lodash._arraymap/package.json
87 verbose installManyTop reading scoped package data from /Users/justin/modweb/omnibus-app/node_modules/lodash._baseassign/package.json
88 verbose installManyTop reading scoped package data from /Users/justin/modweb/omnibus-app/node_modules/lodash._baseclone/package.json
89 verbose installManyTop reading scoped package data from /Users/justin/modweb/omnibus-app/node_modules/lodash._basecopy/package.json
90 verbose installManyTop reading scoped package data from /Users/justin/modweb/omnibus-app/node_modules/lodash._basedifference/package.json
91 verbose installManyTop reading scoped package data from /Users/justin/modweb/omnibus-app/node_modules/lodash._baseflatten/package.json
92 verbose installManyTop reading scoped package data from /Users/justin/modweb/omnibus-app/node_modules/lodash._basefor/package.json
93 verbose installManyTop reading scoped package data from /Users/justin/modweb/omnibus-app/node_modules/lodash._baseindexof/package.json
94 verbose installManyTop reading scoped package data from /Users/justin/modweb/omnibus-app/node_modules/lodash._bindcallback/package.json
95 verbose installManyTop reading scoped package data from /Users/justin/modweb/omnibus-app/node_modules/lodash._cacheindexof/package.json
96 verbose installManyTop reading scoped package data from /Users/justin/modweb/omnibus-app/node_modules/lodash._createassigner/package.json
97 verbose installManyTop reading scoped package data from /Users/justin/modweb/omnibus-app/node_modules/lodash._createcache/package.json
98 verbose installManyTop reading scoped package data from /Users/justin/modweb/omnibus-app/node_modules/lodash._getnative/package.json
99 verbose installManyTop reading scoped package data from /Users/justin/modweb/omnibus-app/node_modules/lodash._isiterateecall/package.json
100 verbose installManyTop reading scoped package data from /Users/justin/modweb/omnibus-app/node_modules/lodash._pickbyarray/package.json
101 verbose installManyTop reading scoped package data from /Users/justin/modweb/omnibus-app/node_modules/lodash._pickbycallback/package.json
102 verbose installManyTop reading scoped package data from /Users/justin/modweb/omnibus-app/node_modules/lodash.clonedeep/package.json
103 verbose installManyTop reading scoped package data from /Users/justin/modweb/omnibus-app/node_modules/lodash.isarguments/package.json
104 verbose installManyTop reading scoped package data from /Users/justin/modweb/omnibus-app/node_modules/lodash.isarray/package.json
105 verbose installManyTop reading scoped package data from /Users/justin/modweb/omnibus-app/node_modules/lodash.isplainobject/package.json
106 verbose installManyTop reading scoped package data from /Users/justin/modweb/omnibus-app/node_modules/lodash.istypedarray/package.json
107 verbose installManyTop reading scoped package data from /Users/justin/modweb/omnibus-app/node_modules/lodash.keys/package.json
108 verbose installManyTop reading scoped package data from /Users/justin/modweb/omnibus-app/node_modules/lodash.keysin/package.json
109 verbose installManyTop reading scoped package data from /Users/justin/modweb/omnibus-app/node_modules/lodash.merge/package.json
110 verbose installManyTop reading scoped package data from /Users/justin/modweb/omnibus-app/node_modules/lodash.omit/package.json
111 verbose installManyTop reading scoped package data from /Users/justin/modweb/omnibus-app/node_modules/lodash.restparam/package.json
112 verbose installManyTop reading scoped package data from /Users/justin/modweb/omnibus-app/node_modules/lodash.toplainobject/package.json
113 verbose installManyTop reading scoped package data from /Users/justin/modweb/omnibus-app/node_modules/longest/package.json
114 verbose installManyTop reading scoped package data from /Users/justin/modweb/omnibus-app/node_modules/minimatch/package.json
115 verbose installManyTop reading scoped package data from /Users/justin/modweb/omnibus-app/node_modules/minimist/package.json
116 verbose installManyTop reading scoped package data from /Users/justin/modweb/omnibus-app/node_modules/mkdirp/package.json
117 verbose installManyTop reading scoped package data from /Users/justin/modweb/omnibus-app/node_modules/moment/package.json
118 verbose installManyTop reading scoped package data from /Users/justin/modweb/omnibus-app/node_modules/ms/package.json
119 verbose installManyTop reading scoped package data from /Users/justin/modweb/omnibus-app/node_modules/mute-stream/package.json
120 verbose installManyTop reading scoped package data from /Users/justin/modweb/omnibus-app/node_modules/number-is-nan/package.json
121 verbose installManyTop reading scoped package data from /Users/justin/modweb/omnibus-app/node_modules/object-assign/package.json
122 verbose installManyTop reading scoped package data from /Users/justin/modweb/omnibus-app/node_modules/once/package.json
123 verbose installManyTop reading scoped package data from /Users/justin/modweb/omnibus-app/node_modules/onetime/package.json
124 verbose installManyTop reading scoped package data from /Users/justin/modweb/omnibus-app/node_modules/optimist/package.json
125 verbose installManyTop reading scoped package data from /Users/justin/modweb/omnibus-app/node_modules/optionator/package.json
126 verbose installManyTop reading scoped package data from /Users/justin/modweb/omnibus-app/node_modules/os-homedir/package.json
127 verbose installManyTop reading scoped package data from /Users/justin/modweb/omnibus-app/node_modules/path-is-absolute/package.json
128 verbose installManyTop reading scoped package data from /Users/justin/modweb/omnibus-app/node_modules/path-is-inside/package.json
129 verbose installManyTop reading scoped package data from /Users/justin/modweb/omnibus-app/node_modules/pify/package.json
130 verbose installManyTop reading scoped package data from /Users/justin/modweb/omnibus-app/node_modules/pinkie/package.json
131 verbose installManyTop reading scoped package data from /Users/justin/modweb/omnibus-app/node_modules/pinkie-promise/package.json
132 verbose installManyTop reading scoped package data from /Users/justin/modweb/omnibus-app/node_modules/prelude-ls/package.json
133 verbose installManyTop reading scoped package data from /Users/justin/modweb/omnibus-app/node_modules/process-nextick-args/package.json
134 verbose installManyTop reading scoped package data from /Users/justin/modweb/omnibus-app/node_modules/read-json-sync/package.json
135 verbose installManyTop reading scoped package data from /Users/justin/modweb/omnibus-app/node_modules/readable-stream/package.json
136 verbose installManyTop reading scoped package data from /Users/justin/modweb/omnibus-app/node_modules/readline2/package.json
137 verbose installManyTop reading scoped package data from /Users/justin/modweb/omnibus-app/node_modules/repeat-string/package.json
138 verbose installManyTop reading scoped package data from /Users/justin/modweb/omnibus-app/node_modules/restore-cursor/package.json
139 verbose installManyTop reading scoped package data from /Users/justin/modweb/omnibus-app/node_modules/right-align/package.json
140 verbose installManyTop reading scoped package data from /Users/justin/modweb/omnibus-app/node_modules/rimraf/package.json
141 verbose installManyTop reading scoped package data from /Users/justin/modweb/omnibus-app/node_modules/run-async/package.json
142 verbose installManyTop reading scoped package data from /Users/justin/modweb/omnibus-app/node_modules/rx-lite/package.json
143 verbose installManyTop reading scoped package data from /Users/justin/modweb/omnibus-app/node_modules/shelljs/package.json
144 verbose installManyTop reading scoped package data from /Users/justin/modweb/omnibus-app/node_modules/source-map/package.json
145 verbose installManyTop reading scoped package data from /Users/justin/modweb/omnibus-app/node_modules/sprintf-js/package.json
146 verbose installManyTop reading scoped package data from /Users/justin/modweb/omnibus-app/node_modules/string-width/package.json
147 verbose installManyTop reading scoped package data from /Users/justin/modweb/omnibus-app/node_modules/string_decoder/package.json
148 verbose installManyTop reading scoped package data from /Users/justin/modweb/omnibus-app/node_modules/strip-ansi/package.json
149 verbose installManyTop reading scoped package data from /Users/justin/modweb/omnibus-app/node_modules/strip-json-comments/package.json
150 verbose installManyTop reading scoped package data from /Users/justin/modweb/omnibus-app/node_modules/supports-color/package.json
151 verbose installManyTop reading scoped package data from /Users/justin/modweb/omnibus-app/node_modules/text-table/package.json
152 verbose installManyTop reading scoped package data from /Users/justin/modweb/omnibus-app/node_modules/through/package.json
153 verbose installManyTop reading scoped package data from /Users/justin/modweb/omnibus-app/node_modules/tryit/package.json
154 verbose installManyTop reading scoped package data from /Users/justin/modweb/omnibus-app/node_modules/type-check/package.json
155 verbose installManyTop reading scoped package data from /Users/justin/modweb/omnibus-app/node_modules/typedarray/package.json
156 verbose installManyTop reading scoped package data from /Users/justin/modweb/omnibus-app/node_modules/uglify-js/package.json
157 verbose installManyTop reading scoped package data from /Users/justin/modweb/omnibus-app/node_modules/uglify-to-browserify/package.json
158 verbose installManyTop reading scoped package data from /Users/justin/modweb/omnibus-app/node_modules/user-home/package.json
159 verbose installManyTop reading scoped package data from /Users/justin/modweb/omnibus-app/node_modules/util-deprecate/package.json
160 verbose installManyTop reading scoped package data from /Users/justin/modweb/omnibus-app/node_modules/window-size/package.json
161 verbose installManyTop reading scoped package data from /Users/justin/modweb/omnibus-app/node_modules/wordwrap/package.json
162 verbose installManyTop reading scoped package data from /Users/justin/modweb/omnibus-app/node_modules/wrappy/package.json
163 verbose installManyTop reading scoped package data from /Users/justin/modweb/omnibus-app/node_modules/write/package.json
164 verbose installManyTop reading scoped package data from /Users/justin/modweb/omnibus-app/node_modules/xml-escape/package.json
165 verbose installManyTop reading scoped package data from /Users/justin/modweb/omnibus-app/node_modules/xtend/package.json
166 verbose installManyTop reading scoped package data from /Users/justin/modweb/omnibus-app/node_modules/yargs/package.json
167 info package.json string_decoder@0.10.31 string_decoder is also the name of a node core module.
168 verbose readDependencies loading dependencies from /Users/justin/modweb/omnibus-app/package.json
169 silly cache add args [ 'qr-js', null ]
170 verbose cache add spec qr-js
171 silly cache add parsed spec { raw: 'qr-js',
171 silly cache add   scope: null,
171 silly cache add   name: 'qr-js',
171 silly cache add   rawSpec: '',
171 silly cache add   spec: 'latest',
171 silly cache add   type: 'tag' }
172 silly addNamed qr-js@latest
173 verbose addNamed "latest" is being treated as a dist-tag for qr-js
174 info addNameTag [ 'qr-js', 'latest' ]
175 silly mapToRegistry name qr-js
176 silly mapToRegistry using default registry
177 silly mapToRegistry registry https://registry.npmjs.org/
178 silly mapToRegistry uri https://registry.npmjs.org/qr-js
179 verbose addNameTag registry:https://registry.npmjs.org/qr-js not in flight; fetching
180 verbose request uri https://registry.npmjs.org/qr-js
181 verbose request no auth needed
182 info attempt registry request try #1 at 15:48:32
183 verbose request id 38d5f498c2ed4679
184 verbose etag "EWS2IK7C7BQWUPOBC6SGA1Z2Z"
185 http request GET https://registry.npmjs.org/qr-js
186 http 304 https://registry.npmjs.org/qr-js
187 verbose headers { date: 'Tue, 05 Apr 2016 19:48:33 GMT',
187 verbose headers   via: '1.1 varnish',
187 verbose headers   'cache-control': 'max-age=300',
187 verbose headers   etag: '"EWS2IK7C7BQWUPOBC6SGA1Z2Z"',
187 verbose headers   age: '0',
187 verbose headers   connection: 'keep-alive',
187 verbose headers   'x-served-by': 'cache-lax1427-LAX',
187 verbose headers   'x-cache': 'MISS',
187 verbose headers   'x-cache-hits': '0',
187 verbose headers   'x-timer': 'S1459885713.683225,VS0,VE87',
187 verbose headers   vary: 'Accept-Encoding' }
188 silly get cb [ 304,
188 silly get   { date: 'Tue, 05 Apr 2016 19:48:33 GMT',
188 silly get     via: '1.1 varnish',
188 silly get     'cache-control': 'max-age=300',
188 silly get     etag: '"EWS2IK7C7BQWUPOBC6SGA1Z2Z"',
188 silly get     age: '0',
188 silly get     connection: 'keep-alive',
188 silly get     'x-served-by': 'cache-lax1427-LAX',
188 silly get     'x-cache': 'MISS',
188 silly get     'x-cache-hits': '0',
188 silly get     'x-timer': 'S1459885713.683225,VS0,VE87',
188 silly get     vary: 'Accept-Encoding' } ]
189 verbose etag https://registry.npmjs.org/qr-js from cache
190 verbose get saving qr-js to /Users/justin/.npm/registry.npmjs.org/qr-js/.cache.json
191 verbose correctMkdir /Users/justin/.npm correctMkdir not in flight; initializing
192 silly addNameTag next cb for qr-js with tag latest
193 silly addNamed qr-js@1.1.4
194 verbose addNamed "1.1.4" is a plain semver version for qr-js
195 silly cache afterAdd qr-js@1.1.4
196 verbose afterAdd /Users/justin/.npm/qr-js/1.1.4/package/package.json not in flight; writing
197 verbose correctMkdir /Users/justin/.npm correctMkdir not in flight; initializing
198 verbose afterAdd /Users/justin/.npm/qr-js/1.1.4/package/package.json written
199 silly install resolved [ { name: 'qr-js',
199 silly install resolved     version: '1.1.4',
199 silly install resolved     description: 'Library for QR code generation using canvas',
199 silly install resolved     homepage: 'http://neocotic.com/qr.js',
199 silly install resolved     bugs: { url: 'https://github.com/neocotic/qr.js/issues' },
199 silly install resolved     author:
199 silly install resolved      { name: 'Alasdair Mercer',
199 silly install resolved        email: 'mercer.alasdair@gmail.com',
199 silly install resolved        url: 'http://neocotic.com' },
199 silly install resolved     license: 'GPL-3.0',
199 silly install resolved     keywords: [ 'qr', 'code', 'encode', 'canvas', 'image' ],
199 silly install resolved     repository:
199 silly install resolved      { type: 'git',
199 silly install resolved        url: 'git+https://github.com/neocotic/qr.js.git' },
199 silly install resolved     dependencies: { canvas: '^1.3.1' },
199 silly install resolved     devDependencies:
199 silly install resolved      { grunt: '^0.4.5',
199 silly install resolved        'grunt-cli': '^0.1.13',
199 silly install resolved        'grunt-contrib-jshint': '^0.11.3',
199 silly install resolved        'grunt-contrib-uglify': '^0.10.0',
199 silly install resolved        'grunt-docco': '^0.4.0' },
199 silly install resolved     main: 'qr.js',
199 silly install resolved     scripts: { test: 'grunt test' },
199 silly install resolved     gitHead: '18decea6ba9a8b748ad6e1eaaa168c8366e8c0dc',
199 silly install resolved     _id: 'qr-js@1.1.4',
199 silly install resolved     _shasum: '15b2f57d2d1fd1e67419f10614757cc5d360e2e4',
199 silly install resolved     _from: 'qr-js@latest',
199 silly install resolved     _npmVersion: '3.3.6',
199 silly install resolved     _nodeVersion: '5.0.0',
199 silly install resolved     _npmUser: { name: 'neocotic', email: 'mercer.alasdair@gmail.com' },
199 silly install resolved     dist:
199 silly install resolved      { shasum: '15b2f57d2d1fd1e67419f10614757cc5d360e2e4',
199 silly install resolved        tarball: 'https://registry.npmjs.org/qr-js/-/qr-js-1.1.4.tgz' },
199 silly install resolved     maintainers: [ [Object] ],
199 silly install resolved     directories: {},
199 silly install resolved     _resolved: 'https://registry.npmjs.org/qr-js/-/qr-js-1.1.4.tgz',
199 silly install resolved     readme: 'ERROR: No README data found!' } ]
200 info install qr-js@1.1.4 into /Users/justin/modweb/omnibus-app
201 info installOne qr-js@1.1.4
202 verbose installOne of qr-js to /Users/justin/modweb/omnibus-app not in flight; installing
203 verbose correctMkdir /Users/justin/.npm/_locks correctMkdir not in flight; initializing
204 verbose lock using /Users/justin/.npm/_locks/qr-js-a227dcbe3b465fc1.lock for /Users/justin/modweb/omnibus-app/node_modules/qr-js
205 silly install write writing qr-js 1.1.4 to /Users/justin/modweb/omnibus-app/node_modules/qr-js
206 verbose unbuild node_modules/qr-js
207 silly gentlyRm /Users/justin/modweb/omnibus-app/node_modules/qr-js is being purged from base /Users/justin/modweb/omnibus-app
208 verbose gentlyRm don't care about contents; nuking /Users/justin/modweb/omnibus-app/node_modules/qr-js
209 verbose tar unpack /Users/justin/.npm/qr-js/1.1.4/package.tgz
210 verbose tar unpacking to /Users/justin/modweb/omnibus-app/node_modules/qr-js
211 silly gentlyRm /Users/justin/modweb/omnibus-app/node_modules/qr-js is being purged
212 verbose gentlyRm don't care about contents; nuking /Users/justin/modweb/omnibus-app/node_modules/qr-js
213 silly gunzTarPerm modes [ '755', '644' ]
214 silly gunzTarPerm extractEntry package.json
215 silly gunzTarPerm extractEntry .npmignore
216 silly gunzTarPerm extractEntry README.md
217 silly gunzTarPerm extractEntry qr.js
218 silly gunzTarPerm extractEntry LICENSE.md
219 silly gunzTarPerm extractEntry .c9/.nakignore
220 silly gunzTarPerm extractEntry .c9/metadata/tab1
221 silly gunzTarPerm extractEntry .c9/metadata/workspace/package.json
222 silly gunzTarPerm extractEntry .c9/metadata/workspace/.npmignore
223 silly gunzTarPerm extractEntry .c9/metadata/workspace/README.md
224 silly gunzTarPerm extractEntry .c9/metadata/workspace/qr.js
225 silly gunzTarPerm extractEntry .c9/metadata/workspace/CHANGES.md
226 silly gunzTarPerm extractEntry .c9/metadata/workspace/LICENSE.md
227 silly gunzTarPerm extractEntry .c9/project.settings
228 silly gunzTarPerm extractEntry CHANGES.md
229 verbose write writing to /Users/justin/modweb/omnibus-app/node_modules/qr-js/package.json
230 info preinstall qr-js@1.1.4
231 verbose readDependencies loading dependencies from /Users/justin/modweb/omnibus-app/node_modules/qr-js/package.json
232 silly prepareForInstallMany adding canvas@^1.3.1 from qr-js dependencies
233 verbose readDependencies loading dependencies from /Users/justin/modweb/omnibus-app/node_modules/qr-js/package.json
234 silly cache add args [ 'canvas@^1.3.1', null ]
235 verbose cache add spec canvas@^1.3.1
236 silly cache add parsed spec { raw: 'canvas@^1.3.1',
236 silly cache add   scope: null,
236 silly cache add   name: 'canvas',
236 silly cache add   rawSpec: '^1.3.1',
236 silly cache add   spec: '>=1.3.1 <2.0.0',
236 silly cache add   type: 'range' }
237 silly addNamed canvas@>=1.3.1 <2.0.0
238 verbose addNamed ">=1.3.1 <2.0.0" is a valid semver range for canvas
239 silly addNameRange { name: 'canvas', range: '>=1.3.1 <2.0.0', hasData: false }
240 silly mapToRegistry name canvas
241 silly mapToRegistry using default registry
242 silly mapToRegistry registry https://registry.npmjs.org/
243 silly mapToRegistry uri https://registry.npmjs.org/canvas
244 verbose addNameRange registry:https://registry.npmjs.org/canvas not in flight; fetching
245 verbose request uri https://registry.npmjs.org/canvas
246 verbose request no auth needed
247 info attempt registry request try #1 at 15:48:33
248 verbose etag "BLNRMR0FBR8NN0NPYCTA9KINO"
249 http request GET https://registry.npmjs.org/canvas
250 http 304 https://registry.npmjs.org/canvas
251 verbose headers { date: 'Tue, 05 Apr 2016 19:48:34 GMT',
251 verbose headers   via: '1.1 varnish',
251 verbose headers   'cache-control': 'max-age=300',
251 verbose headers   etag: '"BLNRMR0FBR8NN0NPYCTA9KINO"',
251 verbose headers   age: '290',
251 verbose headers   connection: 'keep-alive',
251 verbose headers   'x-served-by': 'cache-lax1425-LAX',
251 verbose headers   'x-cache': 'HIT',
251 verbose headers   'x-cache-hits': '1',
251 verbose headers   'x-timer': 'S1459885714.136931,VS0,VE0',
251 verbose headers   vary: 'Accept-Encoding' }
252 silly get cb [ 304,
252 silly get   { date: 'Tue, 05 Apr 2016 19:48:34 GMT',
252 silly get     via: '1.1 varnish',
252 silly get     'cache-control': 'max-age=300',
252 silly get     etag: '"BLNRMR0FBR8NN0NPYCTA9KINO"',
252 silly get     age: '290',
252 silly get     connection: 'keep-alive',
252 silly get     'x-served-by': 'cache-lax1425-LAX',
252 silly get     'x-cache': 'HIT',
252 silly get     'x-cache-hits': '1',
252 silly get     'x-timer': 'S1459885714.136931,VS0,VE0',
252 silly get     vary: 'Accept-Encoding' } ]
253 verbose etag https://registry.npmjs.org/canvas from cache
254 verbose get saving canvas to /Users/justin/.npm/registry.npmjs.org/canvas/.cache.json
255 verbose correctMkdir /Users/justin/.npm correctMkdir not in flight; initializing
256 silly addNameRange number 2 { name: 'canvas', range: '>=1.3.1 <2.0.0', hasData: true }
257 silly addNameRange versions [ 'canvas',
257 silly addNameRange   [ '0.0.1',
257 silly addNameRange     '0.0.2',
257 silly addNameRange     '0.0.3',
257 silly addNameRange     '0.0.4',
257 silly addNameRange     '0.0.5',
257 silly addNameRange     '0.0.6',
257 silly addNameRange     '0.0.7',
257 silly addNameRange     '0.0.8',
257 silly addNameRange     '0.1.0',
257 silly addNameRange     '0.2.0',
257 silly addNameRange     '0.2.1',
257 silly addNameRange     '0.3.0',
257 silly addNameRange     '0.3.1',
257 silly addNameRange     '0.3.2',
257 silly addNameRange     '0.3.3',
257 silly addNameRange     '0.4.0',
257 silly addNameRange     '0.4.1',
257 silly addNameRange     '0.4.2',
257 silly addNameRange     '0.4.3',
257 silly addNameRange     '0.5.0',
257 silly addNameRange     '0.5.1',
257 silly addNameRange     '0.5.2',
257 silly addNameRange     '0.5.3',
257 silly addNameRange     '0.5.4',
257 silly addNameRange     '0.6.0',
257 silly addNameRange     '0.7.0',
257 silly addNameRange     '0.7.1',
257 silly addNameRange     '0.7.2',
257 silly addNameRange     '0.7.3',
257 silly addNameRange     '0.8.0',
257 silly addNameRange     '0.8.1',
257 silly addNameRange     '0.8.2',
257 silly addNameRange     '0.8.3',
257 silly addNameRange     '0.9.0',
257 silly addNameRange     '0.10.0',
257 silly addNameRange     '0.10.1',
257 silly addNameRange     '0.10.2',
257 silly addNameRange     '0.10.3',
257 silly addNameRange     '0.11.0',
257 silly addNameRange     '0.11.1',
257 silly addNameRange     '0.11.2',
257 silly addNameRange     '0.11.3',
257 silly addNameRange     '0.12.0',
257 silly addNameRange     '0.12.1',
257 silly addNameRange     '0.13.0',
257 silly addNameRange     '0.13.1',
257 silly addNameRange     '1.0.0',
257 silly addNameRange     '1.0.1',
257 silly addNameRange     '1.0.2',
257 silly addNameRange     '1.0.3',
257 silly addNameRange     '1.0.4',
257 silly addNameRange     '1.1.0',
257 silly addNameRange     '1.1.1',
257 silly addNameRange     '1.1.2',
257 silly addNameRange     '1.1.3',
257 silly addNameRange     '1.1.4',
257 silly addNameRange     '1.1.5',
257 silly addNameRange     '1.1.6',
257 silly addNameRange     '1.2.0',
257 silly addNameRange     '1.2.1',
257 silly addNameRange     '1.2.2',
257 silly addNameRange     '1.2.3',
257 silly addNameRange     '1.2.4',
257 silly addNameRange     '1.2.5',
257 silly addNameRange     '1.2.6',
257 silly addNameRange     '1.2.7',
257 silly addNameRange     '1.2.8',
257 silly addNameRange     '1.2.9',
257 silly addNameRange     '1.2.10',
257 silly addNameRange     '1.2.11',
257 silly addNameRange     '1.3.0',
257 silly addNameRange     '1.3.1',
257 silly addNameRange     '1.3.2',
257 silly addNameRange     '1.3.3',
257 silly addNameRange     '1.3.4',
257 silly addNameRange     '1.3.5',
257 silly addNameRange     '1.3.6',
257 silly addNameRange     '1.3.7',
257 silly addNameRange     '1.3.8',
257 silly addNameRange     '1.3.9',
257 silly addNameRange     '1.3.10',
257 silly addNameRange     '1.3.11',
257 silly addNameRange     '1.3.12' ] ]
258 silly addNamed canvas@1.3.12
259 verbose addNamed "1.3.12" is a plain semver version for canvas
260 silly cache afterAdd canvas@1.3.12
261 verbose afterAdd /Users/justin/.npm/canvas/1.3.12/package/package.json not in flight; writing
262 verbose correctMkdir /Users/justin/.npm correctMkdir not in flight; initializing
263 verbose afterAdd /Users/justin/.npm/canvas/1.3.12/package/package.json written
264 silly install resolved [ { name: 'canvas',
264 silly install resolved     description: 'Canvas graphics API backed by Cairo',
264 silly install resolved     version: '1.3.12',
264 silly install resolved     author: { name: 'TJ Holowaychuk', email: 'tj@learnboost.com' },
264 silly install resolved     contributors: [ [Object], [Object], [Object] ],
264 silly install resolved     keywords:
264 silly install resolved      [ 'canvas',
264 silly install resolved        'graphic',
264 silly install resolved        'graphics',
264 silly install resolved        'pixman',
264 silly install resolved        'cairo',
264 silly install resolved        'image',
264 silly install resolved        'images',
264 silly install resolved        'pdf' ],
264 silly install resolved     homepage: 'https://github.com/Automattic/node-canvas',
264 silly install resolved     repository:
264 silly install resolved      { type: 'git',
264 silly install resolved        url: 'git://github.com/Automattic/node-canvas.git' },
264 silly install resolved     scripts:
264 silly install resolved      { prebenchmark: 'node-gyp build',
264 silly install resolved        benchmark: 'node benchmarks/run.js',
264 silly install resolved        pretest: 'node-gyp build',
264 silly install resolved        test: 'mocha test/*.test.js',
264 silly install resolved        'pretest-server': 'node-gyp build',
264 silly install resolved        'test-server': 'node test/server.js',
264 silly install resolved        install: 'node-gyp rebuild' },
264 silly install resolved     dependencies: { nan: '^2.1.0' },
264 silly install resolved     devDependencies:
264 silly install resolved      { 'body-parser': '^1.13.3',
264 silly install resolved        express: '^4.13.2',
264 silly install resolved        jade: '^1.11.0',
264 silly install resolved        mocha: '*' },
264 silly install resolved     engines: { node: '>=0.8.0' },
264 silly install resolved     main: './lib/canvas.js',
264 silly install resolved     license: 'MIT',
264 silly install resolved     gypfile: true,
264 silly install resolved     gitHead: 'a3492e3c3355b13433e1a3ddd5197f8bfa90f26c',
264 silly install resolved     bugs: { url: 'https://github.com/Automattic/node-canvas/issues' },
264 silly install resolved     _id: 'canvas@1.3.12',
264 silly install resolved     _shasum: '0e6d7b78d6c9730cf1129d1138b28d6d52667e93',
264 silly install resolved     _from: 'canvas@>=1.3.1 <2.0.0',
264 silly install resolved     _npmVersion: '3.6.0',
264 silly install resolved     _nodeVersion: '5.6.0',
264 silly install resolved     _npmUser: { name: 'linusu', email: 'linus@folkdatorn.se' },
264 silly install resolved     maintainers: [ [Object], [Object], [Object], [Object], [Object], [Object] ],
264 silly install resolved     dist:
264 silly install resolved      { shasum: '0e6d7b78d6c9730cf1129d1138b28d6d52667e93',
264 silly install resolved        tarball: 'https://registry.npmjs.org/canvas/-/canvas-1.3.12.tgz' },
264 silly install resolved     _npmOperationalInternal:
264 silly install resolved      { host: 'packages-9-west.internal.npmjs.com',
264 silly install resolved        tmp: 'tmp/canvas-1.3.12.tgz_1456821769858_0.6099298796616495' },
264 silly install resolved     directories: {},
264 silly install resolved     _resolved: 'https://registry.npmjs.org/canvas/-/canvas-1.3.12.tgz',
264 silly install resolved     readme: 'ERROR: No README data found!' } ]
265 info install canvas@1.3.12 into /Users/justin/modweb/omnibus-app/node_modules/qr-js
266 info installOne canvas@1.3.12
267 verbose installOne of canvas to /Users/justin/modweb/omnibus-app/node_modules/qr-js not in flight; installing
268 verbose correctMkdir /Users/justin/.npm/_locks correctMkdir not in flight; initializing
269 verbose lock using /Users/justin/.npm/_locks/canvas-563350bbdce77325.lock for /Users/justin/modweb/omnibus-app/node_modules/qr-js/node_modules/canvas
270 silly install write writing canvas 1.3.12 to /Users/justin/modweb/omnibus-app/node_modules/qr-js/node_modules/canvas
271 verbose unbuild node_modules/qr-js/node_modules/canvas
272 silly gentlyRm /Users/justin/modweb/omnibus-app/node_modules/qr-js/node_modules/canvas is being purged from base /Users/justin/modweb/omnibus-app
273 verbose gentlyRm don't care about contents; nuking /Users/justin/modweb/omnibus-app/node_modules/qr-js/node_modules/canvas
274 verbose tar unpack /Users/justin/.npm/canvas/1.3.12/package.tgz
275 verbose tar unpacking to /Users/justin/modweb/omnibus-app/node_modules/qr-js/node_modules/canvas
276 silly gentlyRm /Users/justin/modweb/omnibus-app/node_modules/qr-js/node_modules/canvas is being purged
277 verbose gentlyRm don't care about contents; nuking /Users/justin/modweb/omnibus-app/node_modules/qr-js/node_modules/canvas
278 silly gunzTarPerm modes [ '755', '644' ]
279 silly gunzTarPerm extractEntry package.json
280 silly gunzTarPerm extractEntry .npmignore
281 silly gunzTarPerm extractEntry index.js
282 silly gunzTarPerm extractEntry Readme.md
283 silly gunzTarPerm extractEntry binding.gyp
284 silly gunzTarPerm extractEntry .travis.yml
285 silly gunzTarPerm extractEntry lib/bindings.js
286 silly gunzTarPerm extractEntry lib/canvas.js
287 silly gunzTarPerm extractEntry lib/context2d.js
288 silly gunzTarPerm extractEntry lib/image.js
289 silly gunzTarPerm extractEntry lib/jpegstream.js
290 silly gunzTarPerm extractEntry lib/pngstream.js
291 silly gunzTarPerm extractEntry History.md
292 silly gunzTarPerm extractEntry src/Image.cc
293 silly gunzTarPerm extractEntry src/Canvas.cc
294 silly gunzTarPerm extractEntry src/CanvasGradient.cc
295 silly gunzTarPerm extractEntry src/CanvasGradient.h
296 silly gunzTarPerm extractEntry src/CanvasPattern.cc
297 silly gunzTarPerm extractEntry src/CanvasPattern.h
298 silly gunzTarPerm extractEntry src/CanvasRenderingContext2d.cc
299 silly gunzTarPerm extractEntry src/CanvasRenderingContext2d.h
300 silly gunzTarPerm extractEntry src/FontFace.cc
301 silly gunzTarPerm extractEntry src/FontFace.h
302 silly gunzTarPerm extractEntry src/Canvas.h
303 silly gunzTarPerm extractEntry src/Image.h
304 silly gunzTarPerm extractEntry src/ImageData.cc
305 silly gunzTarPerm extractEntry src/ImageData.h
306 silly gunzTarPerm extractEntry src/JPEGStream.h
307 silly gunzTarPerm extractEntry src/PNG.h
308 silly gunzTarPerm extractEntry src/Point.h
309 silly gunzTarPerm extractEntry src/closure.h
310 silly gunzTarPerm extractEntry src/color.cc
311 silly gunzTarPerm extractEntry src/color.h
312 silly gunzTarPerm extractEntry src/init.cc
313 silly gunzTarPerm extractEntry util/has_lib.sh
314 verbose write writing to /Users/justin/modweb/omnibus-app/node_modules/qr-js/node_modules/canvas/package.json
315 info preinstall canvas@1.3.12
316 verbose readDependencies loading dependencies from /Users/justin/modweb/omnibus-app/node_modules/qr-js/node_modules/canvas/package.json
317 silly prepareForInstallMany adding nan@^2.1.0 from canvas dependencies
318 verbose readDependencies loading dependencies from /Users/justin/modweb/omnibus-app/node_modules/qr-js/node_modules/canvas/package.json
319 silly cache add args [ 'nan@^2.1.0', null ]
320 verbose cache add spec nan@^2.1.0
321 silly cache add parsed spec { raw: 'nan@^2.1.0',
321 silly cache add   scope: null,
321 silly cache add   name: 'nan',
321 silly cache add   rawSpec: '^2.1.0',
321 silly cache add   spec: '>=2.1.0 <3.0.0',
321 silly cache add   type: 'range' }
322 silly addNamed nan@>=2.1.0 <3.0.0
323 verbose addNamed ">=2.1.0 <3.0.0" is a valid semver range for nan
324 silly addNameRange { name: 'nan', range: '>=2.1.0 <3.0.0', hasData: false }
325 silly mapToRegistry name nan
326 silly mapToRegistry using default registry
327 silly mapToRegistry registry https://registry.npmjs.org/
328 silly mapToRegistry uri https://registry.npmjs.org/nan
329 verbose addNameRange registry:https://registry.npmjs.org/nan not in flight; fetching
330 verbose request uri https://registry.npmjs.org/nan
331 verbose request no auth needed
332 info attempt registry request try #1 at 15:48:34
333 verbose etag "2UZKQOUIL0TMX4WY7FZ5Q5HJQ"
334 http request GET https://registry.npmjs.org/nan
335 http 304 https://registry.npmjs.org/nan
336 verbose headers { date: 'Tue, 05 Apr 2016 19:48:34 GMT',
336 verbose headers   via: '1.1 varnish',
336 verbose headers   'cache-control': 'max-age=300',
336 verbose headers   etag: '"2UZKQOUIL0TMX4WY7FZ5Q5HJQ"',
336 verbose headers   age: '30',
336 verbose headers   connection: 'keep-alive',
336 verbose headers   'x-served-by': 'cache-lax1424-LAX',
336 verbose headers   'x-cache': 'HIT',
336 verbose headers   'x-cache-hits': '1',
336 verbose headers   'x-timer': 'S1459885714.497262,VS0,VE0',
336 verbose headers   vary: 'Accept' }
337 silly get cb [ 304,
337 silly get   { date: 'Tue, 05 Apr 2016 19:48:34 GMT',
337 silly get     via: '1.1 varnish',
337 silly get     'cache-control': 'max-age=300',
337 silly get     etag: '"2UZKQOUIL0TMX4WY7FZ5Q5HJQ"',
337 silly get     age: '30',
337 silly get     connection: 'keep-alive',
337 silly get     'x-served-by': 'cache-lax1424-LAX',
337 silly get     'x-cache': 'HIT',
337 silly get     'x-cache-hits': '1',
337 silly get     'x-timer': 'S1459885714.497262,VS0,VE0',
337 silly get     vary: 'Accept' } ]
338 verbose etag https://registry.npmjs.org/nan from cache
339 verbose get saving nan to /Users/justin/.npm/registry.npmjs.org/nan/.cache.json
340 verbose correctMkdir /Users/justin/.npm correctMkdir not in flight; initializing
341 silly addNameRange number 2 { name: 'nan', range: '>=2.1.0 <3.0.0', hasData: true }
342 silly addNameRange versions [ 'nan',
342 silly addNameRange   [ '0.3.0-wip',
342 silly addNameRange     '0.3.0-wip2',
342 silly addNameRange     '0.3.0',
342 silly addNameRange     '0.3.1',
342 silly addNameRange     '0.3.2',
342 silly addNameRange     '0.4.0',
342 silly addNameRange     '0.4.1',
342 silly addNameRange     '0.4.2',
342 silly addNameRange     '0.4.3',
342 silly addNameRange     '0.4.4',
342 silly addNameRange     '0.5.0',
342 silly addNameRange     '0.5.1',
342 silly addNameRange     '0.5.2',
342 silly addNameRange     '0.6.0',
342 silly addNameRange     '0.7.0',
342 silly addNameRange     '0.7.1',
342 silly addNameRange     '0.8.0',
342 silly addNameRange     '1.0.0',
342 silly addNameRange     '1.1.0',
342 silly addNameRange     '1.1.1',
342 silly addNameRange     '1.1.2',
342 silly addNameRange     '1.2.0',
342 silly addNameRange     '1.3.0',
342 silly addNameRange     '1.4.0',
342 silly addNameRange     '1.4.1',
342 silly addNameRange     '1.5.0',
342 silly addNameRange     '1.4.2',
342 silly addNameRange     '1.4.3',
342 silly addNameRange     '1.5.1',
342 silly addNameRange     '1.5.2',
342 silly addNameRange     '1.6.0',
342 silly addNameRange     '1.5.3',
342 silly addNameRange     '1.6.1',
342 silly addNameRange     '1.6.2',
342 silly addNameRange     '1.7.0',
342 silly addNameRange     '1.8.0',
342 silly addNameRange     '1.8.1',
342 silly addNameRange     '1.8.2',
342 silly addNameRange     '1.8.3',
342 silly addNameRange     '1.8.4',
342 silly addNameRange     '1.9.0',
342 silly addNameRange     '2.0.0',
342 silly addNameRange     '2.0.1',
342 silly addNameRange     '2.0.2',
342 silly addNameRange     '2.0.3',
342 silly addNameRange     '2.0.4',
342 silly addNameRange     '2.0.5',
342 silly addNameRange     '2.0.6',
342 silly addNameRange     '2.0.7',
342 silly addNameRange     '2.0.8',
342 silly addNameRange     '2.0.9',
342 silly addNameRange     '2.1.0',
342 silly addNameRange     '2.2.0',
342 silly addNameRange     '2.2.1' ] ]
343 silly addNamed nan@2.2.1
344 verbose addNamed "2.2.1" is a plain semver version for nan
345 silly cache afterAdd nan@2.2.1
346 verbose afterAdd /Users/justin/.npm/nan/2.2.1/package/package.json not in flight; writing
347 verbose correctMkdir /Users/justin/.npm correctMkdir not in flight; initializing
348 verbose afterAdd /Users/justin/.npm/nan/2.2.1/package/package.json written
349 silly install resolved [ { name: 'nan',
349 silly install resolved     version: '2.2.1',
349 silly install resolved     description: 'Native Abstractions for Node.js: C++ header for Node 0.8 -> 4 compatibility',
349 silly install resolved     main: 'include_dirs.js',
349 silly install resolved     repository: { type: 'git', url: 'git://github.com/nodejs/nan.git' },
349 silly install resolved     scripts:
349 silly install resolved      { test: 'tap --gc test/js/*-test.js',
349 silly install resolved        'rebuild-tests': 'node-gyp rebuild --msvs_version=2013 --directory test',
349 silly install resolved        docs: 'doc/.build.sh' },
349 silly install resolved     contributors:
349 silly install resolved      [ [Object],
349 silly install resolved        [Object],
349 silly install resolved        [Object],
349 silly install resolved        [Object],
349 silly install resolved        [Object],
349 silly install resolved        [Object],
349 silly install resolved        [Object] ],
349 silly install resolved     devDependencies:
349 silly install resolved      { bindings: '~1.2.1',
349 silly install resolved        commander: '^2.8.1',
349 silly install resolved        glob: '^5.0.14',
349 silly install resolved        'node-gyp': '~3.0.1',
349 silly install resolved        tap: '~0.7.1',
349 silly install resolved        xtend: '~4.0.0' },
349 silly install resolved     license: 'MIT',
349 silly install resolved     bugs: { url: 'https://github.com/nodejs/nan/issues' },
349 silly install resolved     homepage: 'https://github.com/nodejs/nan#readme',
349 silly install resolved     _id: 'nan@2.2.1',
349 silly install resolved     _shasum: 'd68693f6b34bb41d66bc68b3a4f9defc79d7149b',
349 silly install resolved     _resolved: 'https://registry.npmjs.org/nan/-/nan-2.2.1.tgz',
349 silly install resolved     _from: 'nan@>=2.1.0 <3.0.0',
349 silly install resolved     _npmVersion: '3.3.6',
349 silly install resolved     _nodeVersion: '5.0.0',
349 silly install resolved     _npmUser: { name: 'kkoopa', email: 'bbyholm@abo.fi' },
349 silly install resolved     dist:
349 silly install resolved      { shasum: 'd68693f6b34bb41d66bc68b3a4f9defc79d7149b',
349 silly install resolved        tarball: 'http://registry.npmjs.org/nan/-/nan-2.2.1.tgz' },
349 silly install resolved     maintainers: [ [Object], [Object] ],
349 silly install resolved     _npmOperationalInternal:
349 silly install resolved      { host: 'packages-12-west.internal.npmjs.com',
349 silly install resolved        tmp: 'tmp/nan-2.2.1.tgz_1459265439909_0.12396649201400578' },
349 silly install resolved     directories: {},
349 silly install resolved     readme: 'ERROR: No README data found!' } ]
350 info install nan@2.2.1 into /Users/justin/modweb/omnibus-app/node_modules/qr-js/node_modules/canvas
351 info installOne nan@2.2.1
352 verbose installOne of nan to /Users/justin/modweb/omnibus-app/node_modules/qr-js/node_modules/canvas not in flight; installing
353 verbose correctMkdir /Users/justin/.npm/_locks correctMkdir not in flight; initializing
354 verbose lock using /Users/justin/.npm/_locks/nan-90cf882245904f92.lock for /Users/justin/modweb/omnibus-app/node_modules/qr-js/node_modules/canvas/node_modules/nan
355 silly install write writing nan 2.2.1 to /Users/justin/modweb/omnibus-app/node_modules/qr-js/node_modules/canvas/node_modules/nan
356 verbose unbuild node_modules/qr-js/node_modules/canvas/node_modules/nan
357 silly gentlyRm /Users/justin/modweb/omnibus-app/node_modules/qr-js/node_modules/canvas/node_modules/nan is being purged from base /Users/justin/modweb/omnibus-app
358 verbose gentlyRm don't care about contents; nuking /Users/justin/modweb/omnibus-app/node_modules/qr-js/node_modules/canvas/node_modules/nan
359 verbose tar unpack /Users/justin/.npm/nan/2.2.1/package.tgz
360 verbose tar unpacking to /Users/justin/modweb/omnibus-app/node_modules/qr-js/node_modules/canvas/node_modules/nan
361 silly gentlyRm /Users/justin/modweb/omnibus-app/node_modules/qr-js/node_modules/canvas/node_modules/nan is being purged
362 verbose gentlyRm don't care about contents; nuking /Users/justin/modweb/omnibus-app/node_modules/qr-js/node_modules/canvas/node_modules/nan
363 silly gunzTarPerm modes [ '755', '644' ]
364 silly gunzTarPerm extractEntry package.json
365 silly gunzTarPerm modified mode [ 'package.json', 436, 420 ]
366 silly gunzTarPerm extractEntry include_dirs.js
367 silly gunzTarPerm modified mode [ 'include_dirs.js', 436, 420 ]
368 silly gunzTarPerm extractEntry nan_converters.h
369 silly gunzTarPerm modified mode [ 'nan_converters.h', 436, 420 ]
370 silly gunzTarPerm extractEntry LICENSE.md
371 silly gunzTarPerm modified mode [ 'LICENSE.md', 436, 420 ]
372 silly gunzTarPerm extractEntry .dntrc
373 silly gunzTarPerm modified mode [ '.dntrc', 436, 420 ]
374 silly gunzTarPerm extractEntry appveyor.yml
375 silly gunzTarPerm modified mode [ 'appveyor.yml', 436, 420 ]
376 silly gunzTarPerm extractEntry doc/new.md
377 silly gunzTarPerm modified mode [ 'doc/new.md', 436, 420 ]
378 silly gunzTarPerm extractEntry doc/.build.sh
379 silly gunzTarPerm modified mode [ 'doc/.build.sh', 509, 493 ]
380 silly gunzTarPerm extractEntry doc/buffers.md
381 silly gunzTarPerm modified mode [ 'doc/buffers.md', 436, 420 ]
382 silly gunzTarPerm extractEntry doc/callback.md
383 silly gunzTarPerm modified mode [ 'doc/callback.md', 436, 420 ]
384 silly gunzTarPerm extractEntry doc/converters.md
385 silly gunzTarPerm modified mode [ 'doc/converters.md', 436, 420 ]
386 silly gunzTarPerm extractEntry doc/errors.md
387 silly gunzTarPerm modified mode [ 'doc/errors.md', 436, 420 ]
388 silly gunzTarPerm extractEntry doc/maybe_types.md
389 silly gunzTarPerm modified mode [ 'doc/maybe_types.md', 436, 420 ]
390 silly gunzTarPerm extractEntry doc/methods.md
391 silly gunzTarPerm modified mode [ 'doc/methods.md', 436, 420 ]
392 silly gunzTarPerm extractEntry doc/asyncworker.md
393 silly gunzTarPerm modified mode [ 'doc/asyncworker.md', 436, 420 ]
394 silly gunzTarPerm extractEntry doc/node_misc.md
395 silly gunzTarPerm modified mode [ 'doc/node_misc.md', 436, 420 ]
396 silly gunzTarPerm extractEntry doc/object_wrappers.md
397 silly gunzTarPerm modified mode [ 'doc/object_wrappers.md', 436, 420 ]
398 silly gunzTarPerm extractEntry doc/persistent.md
399 silly gunzTarPerm modified mode [ 'doc/persistent.md', 436, 420 ]
400 silly gunzTarPerm extractEntry doc/scopes.md
401 silly gunzTarPerm modified mode [ 'doc/scopes.md', 436, 420 ]
402 silly gunzTarPerm extractEntry doc/script.md
403 silly gunzTarPerm modified mode [ 'doc/script.md', 436, 420 ]
404 silly gunzTarPerm extractEntry doc/string_bytes.md
405 silly gunzTarPerm modified mode [ 'doc/string_bytes.md', 436, 420 ]
406 silly gunzTarPerm extractEntry doc/v8_internals.md
407 silly gunzTarPerm modified mode [ 'doc/v8_internals.md', 436, 420 ]
408 silly gunzTarPerm extractEntry doc/v8_misc.md
409 silly gunzTarPerm modified mode [ 'doc/v8_misc.md', 436, 420 ]
410 silly gunzTarPerm extractEntry nan.h
411 silly gunzTarPerm modified mode [ 'nan.h', 436, 420 ]
412 silly gunzTarPerm extractEntry nan_callbacks.h
413 silly gunzTarPerm modified mode [ 'nan_callbacks.h', 436, 420 ]
414 silly gunzTarPerm extractEntry nan_callbacks_12_inl.h
415 silly gunzTarPerm modified mode [ 'nan_callbacks_12_inl.h', 436, 420 ]
416 silly gunzTarPerm extractEntry nan_callbacks_pre_12_inl.h
417 silly gunzTarPerm modified mode [ 'nan_callbacks_pre_12_inl.h', 436, 420 ]
418 silly gunzTarPerm extractEntry nan_converters_43_inl.h
419 silly gunzTarPerm modified mode [ 'nan_converters_43_inl.h', 436, 420 ]
420 silly gunzTarPerm extractEntry nan_converters_pre_43_inl.h
421 silly gunzTarPerm modified mode [ 'nan_converters_pre_43_inl.h', 436, 420 ]
422 silly gunzTarPerm extractEntry nan_implementation_12_inl.h
423 silly gunzTarPerm modified mode [ 'nan_implementation_12_inl.h', 436, 420 ]
424 silly gunzTarPerm extractEntry nan_implementation_pre_12_inl.h
425 silly gunzTarPerm modified mode [ 'nan_implementation_pre_12_inl.h', 436, 420 ]
426 silly gunzTarPerm extractEntry nan_maybe_43_inl.h
427 silly gunzTarPerm modified mode [ 'nan_maybe_43_inl.h', 436, 420 ]
428 silly gunzTarPerm extractEntry nan_maybe_pre_43_inl.h
429 silly gunzTarPerm modified mode [ 'nan_maybe_pre_43_inl.h', 436, 420 ]
430 silly gunzTarPerm extractEntry nan_new.h
431 silly gunzTarPerm modified mode [ 'nan_new.h', 436, 420 ]
432 silly gunzTarPerm extractEntry nan_object_wrap.h
433 silly gunzTarPerm modified mode [ 'nan_object_wrap.h', 436, 420 ]
434 silly gunzTarPerm extractEntry nan_persistent_12_inl.h
435 silly gunzTarPerm modified mode [ 'nan_persistent_12_inl.h', 436, 420 ]
436 silly gunzTarPerm extractEntry nan_persistent_pre_12_inl.h
437 silly gunzTarPerm modified mode [ 'nan_persistent_pre_12_inl.h', 436, 420 ]
438 silly gunzTarPerm extractEntry nan_string_bytes.h
439 silly gunzTarPerm modified mode [ 'nan_string_bytes.h', 436, 420 ]
440 silly gunzTarPerm extractEntry nan_typedarray_contents.h
441 silly gunzTarPerm modified mode [ 'nan_typedarray_contents.h', 436, 420 ]
442 silly gunzTarPerm extractEntry nan_weak.h
443 silly gunzTarPerm modified mode [ 'nan_weak.h', 436, 420 ]
444 silly gunzTarPerm extractEntry CHANGELOG.md
445 silly gunzTarPerm modified mode [ 'CHANGELOG.md', 436, 420 ]
446 silly gunzTarPerm extractEntry tools/package.json
447 silly gunzTarPerm modified mode [ 'tools/package.json', 436, 420 ]
448 silly gunzTarPerm extractEntry tools/README.md
449 silly gunzTarPerm modified mode [ 'tools/README.md', 436, 420 ]
450 silly gunzTarPerm extractEntry tools/1to2.js
451 silly gunzTarPerm modified mode [ 'tools/1to2.js', 509, 493 ]
452 verbose write writing to /Users/justin/modweb/omnibus-app/node_modules/qr-js/node_modules/canvas/node_modules/nan/package.json
453 info preinstall nan@2.2.1
454 verbose readDependencies loading dependencies from /Users/justin/modweb/omnibus-app/node_modules/qr-js/node_modules/canvas/node_modules/nan/package.json
455 verbose readDependencies loading dependencies from /Users/justin/modweb/omnibus-app/node_modules/qr-js/node_modules/canvas/node_modules/nan/package.json
456 silly install resolved []
457 verbose about to build /Users/justin/modweb/omnibus-app/node_modules/qr-js/node_modules/canvas/node_modules/nan
458 info build /Users/justin/modweb/omnibus-app/node_modules/qr-js/node_modules/canvas/node_modules/nan
459 info linkStuff nan@2.2.1
460 silly linkStuff nan@2.2.1 has /Users/justin/modweb/omnibus-app/node_modules/qr-js/node_modules/canvas/node_modules as its parent node_modules
461 verbose linkBins nan@2.2.1
462 verbose linkMans nan@2.2.1
463 verbose rebuildBundles nan@2.2.1
464 info install nan@2.2.1
465 info postinstall nan@2.2.1
466 verbose unlock done using /Users/justin/.npm/_locks/nan-90cf882245904f92.lock for /Users/justin/modweb/omnibus-app/node_modules/qr-js/node_modules/canvas/node_modules/nan
467 verbose about to build /Users/justin/modweb/omnibus-app/node_modules/qr-js/node_modules/canvas
468 info build /Users/justin/modweb/omnibus-app/node_modules/qr-js/node_modules/canvas
469 info linkStuff canvas@1.3.12
470 silly linkStuff canvas@1.3.12 has /Users/justin/modweb/omnibus-app/node_modules/qr-js/node_modules as its parent node_modules
471 verbose linkBins canvas@1.3.12
472 verbose linkMans canvas@1.3.12
473 verbose rebuildBundles canvas@1.3.12
474 verbose rebuildBundles [ 'nan' ]
475 info install canvas@1.3.12
476 verbose unsafe-perm in lifecycle true
477 info canvas@1.3.12 Failed to exec install script
478 verbose unlock done using /Users/justin/.npm/_locks/canvas-563350bbdce77325.lock for /Users/justin/modweb/omnibus-app/node_modules/qr-js/node_modules/canvas
479 verbose about to build /Users/justin/modweb/omnibus-app/node_modules/qr-js
480 verbose unlock done using /Users/justin/.npm/_locks/qr-js-a227dcbe3b465fc1.lock for /Users/justin/modweb/omnibus-app/node_modules/qr-js
481 verbose stack Error: canvas@1.3.12 install: `node-gyp rebuild`
481 verbose stack Exit status 1
481 verbose stack     at EventEmitter.<anonymous> (/Users/justin/.meteor/packages/meteor-tool/.1.3.0_3.1kequoz++os.osx.x86_64+web.browser+web.cordova/mt-os.osx.x86_64/dev_bundle/lib/node_modules/npm/lib/utils/lifecycle.js:217:16)
481 verbose stack     at EventEmitter.emit (events.js:98:17)
481 verbose stack     at ChildProcess.<anonymous> (/Users/justin/.meteor/packages/meteor-tool/.1.3.0_3.1kequoz++os.osx.x86_64+web.browser+web.cordova/mt-os.osx.x86_64/dev_bundle/lib/node_modules/npm/lib/utils/spawn.js:24:14)
481 verbose stack     at ChildProcess.emit (events.js:98:17)
481 verbose stack     at maybeClose (child_process.js:766:16)
481 verbose stack     at Process.ChildProcess._handle.onexit (child_process.js:833:5)
482 verbose pkgid canvas@1.3.12
483 verbose cwd /Users/justin/modweb/omnibus-app
484 error Darwin 15.4.0
485 error argv "node" "/Users/justin/.meteor/packages/meteor-tool/.1.3.0_3.1kequoz++os.osx.x86_64+web.browser+web.cordova/mt-os.osx.x86_64/dev_bundle/bin/npm" "install" "--save" "qr-js"
486 error node v0.10.43
487 error npm  v2.14.22
488 error code ELIFECYCLE
489 error canvas@1.3.12 install: `node-gyp rebuild`
489 error Exit status 1
490 error Failed at the canvas@1.3.12 install script 'node-gyp rebuild'.
490 error This is most likely a problem with the canvas package,
490 error not with npm itself.
490 error Tell the author that this fails on your system:
490 error     node-gyp rebuild
490 error You can get information on how to open an issue for this project with:
490 error     npm bugs canvas
490 error Or if that isn't available, you can get their info via:
490 error
490 error     npm owner ls canvas
490 error There is likely additional logging output above.
491 verbose exit [ 1, true ]
492 verbose unbuild node_modules/qr-js/node_modules/canvas
493 info preuninstall canvas@1.3.12
494 info uninstall canvas@1.3.12
495 verbose unbuild rmStuff canvas@1.3.12 from /Users/justin/modweb/omnibus-app/node_modules
496 verbose unbuild rmStuff in /Users/justin/modweb/omnibus-app/node_modules/qr-js/node_modules
497 info postuninstall canvas@1.3.12
498 silly gentlyRm /Users/justin/modweb/omnibus-app/node_modules/qr-js/node_modules/canvas is being purged from base /Users/justin/modweb/omnibus-app
499 verbose gentlyRm don't care about contents; nuking /Users/justin/modweb/omnibus-app/node_modules/qr-js/node_modules/canvas
500 silly vacuum-fs purging /Users/justin/modweb/omnibus-app/node_modules/qr-js/node_modules/canvas
501 silly vacuum-fs removing /Users/justin/modweb/omnibus-app/node_modules/qr-js/node_modules
502 silly vacuum-fs quitting because other entries in /Users/justin/modweb/omnibus-app/node_modules/qr-js
503 verbose unbuild node_modules/qr-js
504 info preuninstall qr-js@1.1.4
505 info uninstall qr-js@1.1.4
506 verbose unbuild rmStuff qr-js@1.1.4 from /Users/justin/modweb/omnibus-app/node_modules
507 info postuninstall qr-js@1.1.4
508 silly gentlyRm /Users/justin/modweb/omnibus-app/node_modules/qr-js is being purged from base /Users/justin/modweb/omnibus-app
509 verbose gentlyRm don't care about contents; nuking /Users/justin/modweb/omnibus-app/node_modules/qr-js
510 silly vacuum-fs purging /Users/justin/modweb/omnibus-app/node_modules/qr-js
511 silly vacuum-fs quitting because other entries in /Users/justin/modweb/omnibus-app/node_modules
